<?xml version="1.0" encoding="UTF-8"?>
<!-- Generated by org.testng.reporters.JUnitXMLReporter -->
<testsuite hostname="charly-Strix-15-GL503GE" ignored="0" name="Command line test" tests="4" failures="0" timestamp="2020-03-02T18:07:47 CST" time="0.265" errors="0">
  <testcase name="createGroupTest" time="0.188" classname="User.service.CareerServiceTest"/>
  <testcase name="updateGroupInformationTest" time="0.011" classname="User.service.CareerServiceTest"/>
  <testcase name="updateGroupSectionAndInformationTest" time="0.001" classname="User.service.CareerServiceTest"/>
  <testcase name="updateGroupSectionTest" time="0.0" classname="User.service.CareerServiceTest"/>
</testsuite> <!-- Command line test -->
