<?xml version="1.0" encoding="UTF-8"?>
<!-- Generated by org.testng.reporters.JUnitXMLReporter -->
<testsuite hostname="charly-Strix-15-GL503GE" ignored="0" name="Command line test" tests="4" failures="0" timestamp="2020-03-02T16:30:58 CST" time="0.095" errors="0">
  <testcase name="getUserByDPITest" time="0.024" classname="User.repository.UserRepositoryTest"/>
  <testcase name="getUserTest" time="0.039" classname="User.repository.UserRepositoryTest"/>
  <testcase name="getUserWithNameTest" time="0.004" classname="User.repository.UserRepositoryTest"/>
  <testcase name="getUserWithidRolTest" time="0.002" classname="User.repository.UserRepositoryTest"/>
</testsuite> <!-- Command line test -->
