<?xml version="1.0" encoding="UTF-8" ?>
<testsuite tests="5" failures="0" name="project.ProjectTest" time="0.091" errors="0" skipped="0">
  <properties>
[...]
</properties>
  <testcase classname="project.ProjectTest" name="testSetAndGeSchedule" time="0.054"/>
  <testcase classname="project.ProjectTest" name="testSetAndGetId" time="0"/>
  <testcase classname="project.ProjectTest" name="testSetAndGetLimitReceptionDate" time="0.033"/>
  <testcase classname="project.ProjectTest" name="testSetAndGetState" time="0.004"/>
  <testcase classname="project.ProjectTest" name="testSetAndGetTitle" time="0"/>
</testsuite>