<?xml version="1.0" encoding="UTF-8"?>
<testng-results ignored="0" total="5" passed="5" failed="0" skipped="0">
  <reporter-output>
  </reporter-output>
  <suite started-at="2020-02-24T12:07:26 CST" name="project.ProjectTest" finished-at="2020-02-24T12:07:26 CST" duration-ms="227">
    <groups>
    </groups>
    <test started-at="2020-02-24T12:07:26 CST" name="Command line test" finished-at="2020-02-24T12:07:26 CST" duration-ms="227">
      <class name="project.ProjectTest">
        <test-method signature="testSetAndGeSchedule()[pri:0, instance:project.ProjectTest@33db72bd]" started-at="2020-02-24T12:07:26 CST" name="testSetAndGeSchedule" finished-at="2020-02-24T12:07:26 CST" duration-ms="49" status="PASS">
          <reporter-output>
          </reporter-output>
        </test-method> <!-- testSetAndGeSchedule -->
        <test-method signature="testSetAndGetId()[pri:0, instance:project.ProjectTest@33db72bd]" started-at="2020-02-24T12:07:26 CST" name="testSetAndGetId" finished-at="2020-02-24T12:07:26 CST" duration-ms="1" status="PASS">
          <reporter-output>
          </reporter-output>
        </test-method> <!-- testSetAndGetId -->
        <test-method signature="testSetAndGetLimitReceptionDate()[pri:0, instance:project.ProjectTest@33db72bd]" started-at="2020-02-24T12:07:26 CST" name="testSetAndGetLimitReceptionDate" finished-at="2020-02-24T12:07:26 CST" duration-ms="32" status="PASS">
          <reporter-output>
          </reporter-output>
        </test-method> <!-- testSetAndGetLimitReceptionDate -->
        <test-method signature="testSetAndGetState()[pri:0, instance:project.ProjectTest@33db72bd]" started-at="2020-02-24T12:07:26 CST" name="testSetAndGetState" finished-at="2020-02-24T12:07:26 CST" duration-ms="1" status="PASS">
          <reporter-output>
          </reporter-output>
        </test-method> <!-- testSetAndGetState -->
        <test-method signature="testSetAndGetTitle()[pri:0, instance:project.ProjectTest@33db72bd]" started-at="2020-02-24T12:07:26 CST" name="testSetAndGetTitle" finished-at="2020-02-24T12:07:26 CST" duration-ms="1" status="PASS">
          <reporter-output>
          </reporter-output>
        </test-method> <!-- testSetAndGetTitle -->
      </class> <!-- project.ProjectTest -->
    </test> <!-- Command line test -->
  </suite> <!-- project.ProjectTest -->
</testng-results>
