<?xml version="1.0" encoding="UTF-8"?>
<!-- Generated by org.testng.reporters.JUnitXMLReporter -->
<testsuite hostname="charly-Strix-15-GL503GE" ignored="0" name="Command line test" tests="4" failures="0" timestamp="2020-03-02T17:07:33 CST" time="0.04" errors="0">
  <testcase name="createCareerNullTest" time="0.01" classname="User.service.RolServiceTest"/>
  <testcase name="createCareerTest" time="0.007" classname="User.service.RolServiceTest"/>
  <testcase name="updateCareerNullTest" time="0.0" classname="User.service.RolServiceTest"/>
  <testcase name="updateCareerTest" time="0.001" classname="User.service.RolServiceTest"/>
</testsuite> <!-- Command line test -->
