<?xml version="1.0" encoding="UTF-8"?>
<!-- Generated by org.testng.reporters.JUnitXMLReporter -->
<testsuite hostname="charly-Strix-15-GL503GE" ignored="0" name="Command line test" tests="22" failures="0" timestamp="2020-03-02T18:37:42 CST" time="0.176" errors="0">
  <testcase name="findByIdWithNoResult" time="0.037" classname="User.repository.CareerRepositoryTest"/>
  <testcase name="getAllEmptyResult" time="0.005" classname="User.repository.CareerRepositoryTest"/>
  <testcase name="getAllWithResult" time="0.0" classname="User.repository.CareerRepositoryTest"/>
  <testcase name="getUserByDPITest" time="0.001" classname="User.repository.UserRepositoryTest"/>
  <testcase name="getUserTest" time="0.057" classname="User.repository.UserRepositoryTest"/>
  <testcase name="getUserWithNameTest" time="0.006" classname="User.repository.UserRepositoryTest"/>
  <testcase name="getUserWithidRolTest" time="0.002" classname="User.repository.UserRepositoryTest"/>
  <testcase name="getRolUser" time="0.001" classname="User.repository.RolRepositoryTest"/>
  <testcase name="getRolUserWithId" time="0.001" classname="User.repository.RolRepositoryTest"/>
  <testcase name="getRolUserWithName" time="0.001" classname="User.repository.RolRepositoryTest"/>
  <testcase name="createCareerNullTest" time="0.002" classname="User.service.RolServiceTest"/>
  <testcase name="createCareerTest" time="0.0" classname="User.service.RolServiceTest"/>
  <testcase name="updateCareerNullTest" time="0.001" classname="User.service.RolServiceTest"/>
  <testcase name="updateCareerTest" time="0.0" classname="User.service.RolServiceTest"/>
  <testcase name="createGroupTest" time="0.001" classname="User.service.CareerServiceTest"/>
  <testcase name="updateGroupInformationTest" time="0.004" classname="User.service.CareerServiceTest"/>
  <testcase name="updateGroupSectionAndInformationTest" time="0.0" classname="User.service.CareerServiceTest"/>
  <testcase name="updateGroupSectionTest" time="0.001" classname="User.service.CareerServiceTest"/>
  <testcase name="createUserNullTest" time="0.001" classname="User.service.UserServiceTest"/>
  <testcase name="createUserTest" time="0.0" classname="User.service.UserServiceTest"/>
  <testcase name="updateUserNullTest" time="0.0" classname="User.service.UserServiceTest"/>
  <testcase name="updateUserTest" time="0.001" classname="User.service.UserServiceTest"/>
</testsuite> <!-- Command line test -->
