<?xml version="1.0" encoding="UTF-8"?>
<!-- Generated by org.testng.reporters.JUnitXMLReporter -->
<testsuite hostname="charly-Strix-15-GL503GE" ignored="0" name="Command line test" tests="3" failures="0" timestamp="2020-03-02T17:01:01 CST" time="0.082" errors="0">
  <testcase name="getRolUser" time="0.057" classname="User.repository.RolRepositoryTest"/>
  <testcase name="getRolUserWithId" time="0.005" classname="User.repository.RolRepositoryTest"/>
  <testcase name="getRolUserWithName" time="0.001" classname="User.repository.RolRepositoryTest"/>
</testsuite> <!-- Command line test -->
