<?xml version="1.0" encoding="UTF-8"?>
<!-- Generated by org.testng.reporters.JUnitXMLReporter -->
<testsuite hostname="charly-Strix-15-GL503GE" ignored="0" name="Command line test" tests="3" failures="0" timestamp="2020-03-02T17:56:57 CST" time="0.118" errors="0">
  <testcase name="findByIdWithNoResult" time="0.095" classname="User.repository.CareerRepositoryTest"/>
  <testcase name="getAllEmptyResult" time="0.002" classname="User.repository.CareerRepositoryTest"/>
  <testcase name="getAllWithResult" time="0.0" classname="User.repository.CareerRepositoryTest"/>
</testsuite> <!-- Command line test -->
