<?xml version="1.0" encoding="UTF-8"?>
<!-- Generated by org.testng.reporters.JUnitXMLReporter -->
<testsuite hostname="charly-Strix-15-GL503GE" ignored="0" name="Command line test" tests="4" failures="0" timestamp="2020-03-02T16:48:28 CST" time="0.031" errors="0">
  <testcase name="createUserNullTest" time="0.009" classname="User.service.UserServiceTest"/>
  <testcase name="createUserTest" time="0.001" classname="User.service.UserServiceTest"/>
  <testcase name="updateUserNullTest" time="0.0" classname="User.service.UserServiceTest"/>
  <testcase name="updateUserTest" time="0.002" classname="User.service.UserServiceTest"/>
</testsuite> <!-- Command line test -->
